Building DAG of jobs...
Using shell: /usr/bin/bash
Provided cores: 1 (use --cores to define parallelism)
Rules claiming more threads will be scaled down.
Job stats:
job        count
-------  -------
profile        1
total          1

Select jobs to execute...

[Sat Dec  9 03:40:56 2023]
rule profile:
    input: data/wine/wine.data
    output: profilling/report.html
    jobid: 0
    reason: Missing output files: profilling/report.html
    resources: tmpdir=/tmp

[Sat Dec  9 03:40:56 2023]
Error in rule profile:
    jobid: 0
    input: data/wine/wine.data
    output: profilling/report.html
    shell:
        python scripts/profile.py
        (one of the commands exited with non-zero exit code; note that snakemake uses bash strict mode!)

Shutting down, this might take some time.
Exiting because a job execution failed. Look above for error message
Complete log: .snakemake/log/2023-12-09T034056.300663.snakemake.log
