Building DAG of jobs...
Using shell: /usr/bin/bash
Provided cores: 1 (use --cores to define parallelism)
Rules claiming more threads will be scaled down.
Job stats:
job        count
-------  -------
prepare        1
total          1

Select jobs to execute...

[Sat Dec  9 03:33:16 2023]
rule prepare:
    output: data/wine/wine.data
    jobid: 0
    reason: Missing output files: data/wine/wine.data
    resources: tmpdir=/tmp

[Sat Dec  9 03:33:16 2023]
Error in rule prepare:
    jobid: 0
    output: data/wine/wine.data
    shell:
        python scripts/prepare_data.py
        (one of the commands exited with non-zero exit code; note that snakemake uses bash strict mode!)

Shutting down, this might take some time.
Exiting because a job execution failed. Look above for error message
Complete log: .snakemake/log/2023-12-09T033316.039732.snakemake.log
